<?xml version="1.0" encoding="UTF-8"?>
<!-- Generated by org.testng.reporters.JUnitReportReporter -->
<testsuite hostname="HbpSoft" failures="0" tests="10" name="Sanity.Atlas.Atlas_Trsdata" time="102.011" errors="0" timestamp="2024-03-22T13:09:06 IST" skipped="0">
  <testcase classname="Sanity.Atlas.Atlas_Trsdata" name="login" time="8.587"/>
  <system-out/>
  <testcase classname="Sanity.Atlas.Atlas_Trsdata" name="series_set" time="17.064"/>
  <system-out/>
  <testcase classname="Sanity.Atlas.Atlas_Trsdata" name="atlaseditor" time="14.257"/>
  <system-out/>
  <testcase classname="Sanity.Atlas.Atlas_Trsdata" name="Editmenu" time="2.266"/>
  <system-out/>
  <testcase classname="Sanity.Atlas.Atlas_Trsdata" name="contributor" time="4.503"/>
  <system-out/>
  <testcase classname="Sanity.Atlas.Atlas_Trsdata" name="draw" time="2.231"/>
  <system-out/>
  <testcase classname="Sanity.Atlas.Atlas_Trsdata" name="annotation" time="19.533"/>
  <system-out/>
  <testcase classname="Sanity.Atlas.Atlas_Trsdata" name="save" time="4.340"/>
  <system-out/>
  <testcase classname="Sanity.Atlas.Atlas_Trsdata" name="Trsdata" time="15.280"/>
  <system-out/>
  <testcase classname="Sanity.Atlas.Atlas_Trsdata" name="delete" time="13.950"/>
  <system-out/>
</testsuite> <!-- Sanity.Atlas.Atlas_Trsdata -->
